<?xml version="1.0" encoding="UTF-8"?>
<testng-results ignored="0" total="2" passed="2" failed="0" skipped="0">
  <reporter-output>
  </reporter-output>
  <suite started-at="2022-07-20T15:42:21 EET" name="Default suite" finished-at="2022-07-20T15:43:08 EET" duration-ms="46279">
    <groups>
    </groups>
    <test started-at="2022-07-20T15:42:21 EET" name="Default test" finished-at="2022-07-20T15:43:08 EET" duration-ms="46279">
      <class name="Tests.TCs">
        <test-method is-config="true" signature="beforeSuite(java.lang.String)[pri:0, instance:Tests.TCs@7d4f9aae]" started-at="2022-07-20T15:42:21 EET" name="beforeSuite" finished-at="2022-07-20T15:42:21 EET" duration-ms="431" status="PASS">
          <params>
            <param index="0">
              <value>
                <![CDATA[chrome]]>
              </value>
            </param>
          </params>
          <reporter-output>
          </reporter-output>
        </test-method> <!-- beforeSuite -->
        <test-method is-config="true" signature="beforeMethod()[pri:0, instance:Tests.TCs@7d4f9aae]" started-at="2022-07-20T15:42:21 EET" name="beforeMethod" finished-at="2022-07-20T15:42:30 EET" duration-ms="8485" status="PASS">
          <reporter-output>
          </reporter-output>
        </test-method> <!-- beforeMethod -->
        <test-method signature="test1(java.lang.String,java.lang.String,java.lang.String,java.lang.String,java.lang.String)[pri:0, instance:Tests.TCs@7d4f9aae]" started-at="2022-07-20T15:42:30 EET" name="test1" data-provider="test-data" finished-at="2022-07-20T15:42:36 EET" duration-ms="5594" status="PASS">
          <params>
            <param index="0">
              <value>
                <![CDATA[Mohamed]]>
              </value>
            </param>
            <param index="1">
              <value>
                <![CDATA[Farghali]]>
              </value>
            </param>
            <param index="2">
              <value>
                <![CDATA[1232131233]]>
              </value>
            </param>
            <param index="3">
              <value>
                <![CDATA[mmwedfasdarghali240@gmail.com]]>
              </value>
            </param>
            <param index="4">
              <value>
                <![CDATA[123123]]>
              </value>
            </param>
          </params>
          <reporter-output>
          </reporter-output>
        </test-method> <!-- test1 -->
        <test-method signature="test2(java.lang.String,java.lang.String,java.lang.String,java.lang.String,java.lang.String)[pri:1, instance:Tests.TCs@7d4f9aae]" started-at="2022-07-20T15:42:36 EET" name="test2" data-provider="test-data" finished-at="2022-07-20T15:43:08 EET" duration-ms="32138" status="PASS">
          <params>
            <param index="0">
              <value>
                <![CDATA[Mohamed]]>
              </value>
            </param>
            <param index="1">
              <value>
                <![CDATA[Farghali]]>
              </value>
            </param>
            <param index="2">
              <value>
                <![CDATA[1232131233]]>
              </value>
            </param>
            <param index="3">
              <value>
                <![CDATA[mmwedfasdarghali240@gmail.com]]>
              </value>
            </param>
            <param index="4">
              <value>
                <![CDATA[123123]]>
              </value>
            </param>
          </params>
          <reporter-output>
          </reporter-output>
        </test-method> <!-- test2 -->
        <test-method is-config="true" signature="afterMethod()[pri:0, instance:Tests.TCs@7d4f9aae]" started-at="2022-07-20T15:43:08 EET" name="afterMethod" finished-at="2022-07-20T15:43:08 EET" duration-ms="0" status="PASS">
          <reporter-output>
          </reporter-output>
        </test-method> <!-- afterMethod -->
      </class> <!-- Tests.TCs -->
    </test> <!-- Default test -->
  </suite> <!-- Default suite -->
</testng-results>
